2024-12-28T12:58:37.222Z [INFO]: CRM service running on port 3001
2024-12-28T12:58:37.294Z [INFO]: Database connected and synced successfully
2024-12-28T13:17:08.794Z [INFO]: CRM service running on port 3001
2024-12-28T13:17:08.855Z [INFO]: Database connected and synced successfully
2024-12-28T13:22:53.905Z [INFO]: ::1 - - [28/Dec/2024:13:22:53 +0000] "GET /auth/register HTTP/1.1" 404 152 "-" "PostmanRuntime/7.43.0"
2024-12-28T13:23:17.955Z [INFO]: ::1 - - [28/Dec/2024:13:23:17 +0000] "POST /auth/register HTTP/1.1" 201 42 "-" "PostmanRuntime/7.43.0"
2024-12-28T13:25:04.452Z [INFO]: ::1 - - [28/Dec/2024:13:25:04 +0000] "POST /auth/login HTTP/1.1" 200 169 "-" "PostmanRuntime/7.43.0"
2024-12-28T13:29:25.329Z [INFO]: ::1 - - [28/Dec/2024:13:29:25 +0000] "POST /customers HTTP/1.1" 201 181 "-" "PostmanRuntime/7.43.0"
2024-12-28T13:30:07.192Z [INFO]: ::1 - - [28/Dec/2024:13:30:07 +0000] "GET /customers HTTP/1.1" 200 183 "-" "PostmanRuntime/7.43.0"
2024-12-28T13:32:36.072Z [INFO]: ::1 - - [28/Dec/2024:13:32:36 +0000] "POST /customers HTTP/1.1" 201 186 "-" "PostmanRuntime/7.43.0"
2024-12-28T13:32:39.909Z [INFO]: ::1 - - [28/Dec/2024:13:32:39 +0000] "GET /customers HTTP/1.1" 200 370 "-" "PostmanRuntime/7.43.0"
2024-12-28T13:33:21.292Z [INFO]: ::1 - - [28/Dec/2024:13:33:21 +0000] "PUT /customers/3 HTTP/1.1" 200 213 "-" "PostmanRuntime/7.43.0"
2024-12-28T13:34:25.160Z [INFO]: ::1 - - [28/Dec/2024:13:34:25 +0000] "POST /customers HTTP/1.1" 201 179 "-" "PostmanRuntime/7.43.0"
2024-12-28T13:34:49.254Z [INFO]: ::1 - - [28/Dec/2024:13:34:49 +0000] "DELETE /customers/5 HTTP/1.1" 401 42 "-" "PostmanRuntime/7.43.0"
2024-12-28T13:34:57.247Z [INFO]: ::1 - - [28/Dec/2024:13:34:57 +0000] "DELETE /customers/5 HTTP/1.1" 200 30 "-" "PostmanRuntime/7.43.0"
2024-12-28T13:44:11.787Z [INFO]: Inventory service running on port 3002
2024-12-28T13:44:11.885Z [INFO]: Database connected and synced successfully
2024-12-28T13:46:17.869Z [INFO]: ::1 - - [28/Dec/2024:13:46:17 +0000] "GET /products HTTP/1.1" 200 2 "-" "PostmanRuntime/7.43.0"
2024-12-28T13:48:31.204Z [INFO]: ::1 - - [28/Dec/2024:13:48:31 +0000] "POST /products HTTP/1.1" 201 165 "-" "PostmanRuntime/7.43.0"
2024-12-28T13:49:00.114Z [INFO]: ::1 - - [28/Dec/2024:13:49:00 +0000] "POST /products HTTP/1.1" 201 172 "-" "PostmanRuntime/7.43.0"
2024-12-28T13:49:56.631Z [INFO]: ::1 - - [28/Dec/2024:13:49:56 +0000] "POST /products HTTP/1.1" 201 171 "-" "PostmanRuntime/7.43.0"
2024-12-28T13:54:36.061Z [INFO]: ::1 - - [28/Dec/2024:13:54:36 +0000] "PUT /products/3 HTTP/1.1" 200 171 "-" "PostmanRuntime/7.43.0"
2024-12-28T13:55:30.887Z [INFO]: ::1 - - [28/Dec/2024:13:55:30 +0000] "DELETE /products/3 HTTP/1.1" 200 29 "-" "PostmanRuntime/7.43.0"
2024-12-28T14:01:34.248Z [INFO]: ::1 - - [28/Dec/2024:14:01:34 +0000] "POST /products HTTP/1.1" 201 171 "-" "PostmanRuntime/7.43.0"
2024-12-28T14:01:39.943Z [INFO]: ::1 - - [28/Dec/2024:14:01:39 +0000] "GET /products HTTP/1.1" 200 512 "-" "PostmanRuntime/7.43.0"
2024-12-28T14:02:27.641Z [INFO]: ::1 - - [28/Dec/2024:14:02:27 +0000] "GET /suppliers HTTP/1.1" 200 2 "-" "PostmanRuntime/7.43.0"
2024-12-28T14:04:29.107Z [INFO]: ::1 - - [28/Dec/2024:14:04:29 +0000] "POST /suppliers HTTP/1.1" 201 185 "-" "PostmanRuntime/7.43.0"
2024-12-28T14:05:13.011Z [INFO]: ::1 - - [28/Dec/2024:14:05:13 +0000] "POST /suppliers HTTP/1.1" 201 191 "-" "PostmanRuntime/7.43.0"
2024-12-28T14:05:34.080Z [INFO]: ::1 - - [28/Dec/2024:14:05:34 +0000] "POST /suppliers HTTP/1.1" 201 173 "-" "PostmanRuntime/7.43.0"
2024-12-28T14:06:53.315Z [INFO]: ::1 - - [28/Dec/2024:14:06:53 +0000] "PUT /suppliers/3 HTTP/1.1" 200 191 "-" "PostmanRuntime/7.43.0"
2024-12-28T14:07:28.500Z [INFO]: ::1 - - [28/Dec/2024:14:07:28 +0000] "DELETE /suppliers/3 HTTP/1.1" 200 30 "-" "PostmanRuntime/7.43.0"
2024-12-28T14:35:15.948Z [INFO]: Customer Support service running on port 3003
2024-12-28T14:35:16.032Z [INFO]: Database connected and synced successfully
2024-12-28T15:00:06.966Z [INFO]: ::1 - - [28/Dec/2024:15:00:06 +0000] "GET /tickets HTTP/1.1" 200 2 "-" "PostmanRuntime/7.43.0"
2024-12-28T15:03:42.291Z [INFO]: ::1 - - [28/Dec/2024:15:03:42 +0000] "GET /customers HTTP/1.1" 200 402 "-" "PostmanRuntime/7.43.0"
2024-12-28T15:03:56.918Z [INFO]: ::1 - - [28/Dec/2024:15:03:56 +0000] "POST /tickets HTTP/1.1" 401 42 "-" "PostmanRuntime/7.43.0"
2024-12-28T15:04:07.410Z [INFO]: ::1 - - [28/Dec/2024:15:04:07 +0000] "GET /customers/4 HTTP/1.1" 401 42 "-" "axios/1.7.9"
2024-12-28T15:04:07.420Z [INFO]: ::1 - - [28/Dec/2024:15:04:07 +0000] "POST /tickets HTTP/1.1" 404 32 "-" "PostmanRuntime/7.43.0"
2024-12-28T15:04:20.474Z [INFO]: ::1 - - [28/Dec/2024:15:04:20 +0000] "GET /customers/3 HTTP/1.1" 401 42 "-" "axios/1.7.9"
2024-12-28T15:04:20.478Z [INFO]: ::1 - - [28/Dec/2024:15:04:20 +0000] "POST /tickets HTTP/1.1" 404 32 "-" "PostmanRuntime/7.43.0"
2024-12-28T15:08:55.545Z [INFO]: Customer Support service running on port 3003
2024-12-28T15:08:55.610Z [INFO]: Database connected and synced successfully
2024-12-28T15:09:02.999Z [INFO]: ::1 - - [28/Dec/2024:15:09:02 +0000] "GET /customers/3 HTTP/1.1" 404 150 "-" "axios/1.7.9"
2024-12-28T15:09:03.013Z [INFO]: ::1 - - [28/Dec/2024:15:09:03 +0000] "POST /tickets HTTP/1.1" 500 62 "-" "PostmanRuntime/7.43.0"
2024-12-28T15:09:12.011Z [INFO]: ::1 - - [28/Dec/2024:15:09:12 +0000] "POST /auth/login HTTP/1.1" 200 169 "-" "PostmanRuntime/7.43.0"
2024-12-28T15:09:14.344Z [INFO]: ::1 - - [28/Dec/2024:15:09:14 +0000] "POST /auth/login HTTP/1.1" 200 169 "-" "PostmanRuntime/7.43.0"
2024-12-28T15:09:37.950Z [INFO]: ::1 - - [28/Dec/2024:15:09:37 +0000] "GET /customers/3 HTTP/1.1" 404 150 "-" "axios/1.7.9"
2024-12-28T15:09:37.957Z [INFO]: ::1 - - [28/Dec/2024:15:09:37 +0000] "POST /tickets HTTP/1.1" 500 62 "-" "PostmanRuntime/7.43.0"
2024-12-28T15:09:45.700Z [INFO]: ::1 - - [28/Dec/2024:15:09:45 +0000] "GET /customers/3 HTTP/1.1" 404 150 "-" "axios/1.7.9"
2024-12-28T15:09:45.702Z [INFO]: ::1 - - [28/Dec/2024:15:09:45 +0000] "POST /tickets HTTP/1.1" 500 62 "-" "PostmanRuntime/7.43.0"
2024-12-28T15:10:36.725Z [INFO]: ::1 - - [28/Dec/2024:15:10:36 +0000] "GET /customers/3 HTTP/1.1" 404 150 "-" "axios/1.7.9"
2024-12-28T15:10:36.728Z [INFO]: ::1 - - [28/Dec/2024:15:10:36 +0000] "POST /tickets HTTP/1.1" 500 62 "-" "PostmanRuntime/7.43.0"
2024-12-28T15:26:45.504Z [INFO]: ::1 - - [28/Dec/2024:15:26:45 +0000] "GET /customers/4 HTTP/1.1" 404 150 "-" "PostmanRuntime/7.43.0"
2024-12-28T15:26:49.872Z [INFO]: ::1 - - [28/Dec/2024:15:26:49 +0000] "GET /customers/2 HTTP/1.1" 404 150 "-" "PostmanRuntime/7.43.0"
2024-12-28T15:35:43.132Z [INFO]: CRM service running on port 3001
2024-12-28T15:35:43.218Z [INFO]: Database connected and synced successfully
2024-12-28T15:37:08.448Z [INFO]: Inventory service running on port 3002
2024-12-28T15:37:08.520Z [INFO]: Database connected and synced successfully
2024-12-28T15:40:05.397Z [INFO]: Customer Support service running on port 3003
2024-12-28T15:40:05.464Z [INFO]: Database connected and synced successfully
2024-12-28T15:40:42.566Z [INFO]: Customer Support service running on port 3003
2024-12-28T15:40:42.634Z [INFO]: Database connected and synced successfully
2024-12-28T15:40:49.628Z [INFO]: ::1 - - [28/Dec/2024:15:40:49 +0000] "GET /customers/3 HTTP/1.1" 200 213 "-" "axios/1.7.9"
2024-12-28T15:40:49.659Z [INFO]: ::1 - - [28/Dec/2024:15:40:49 +0000] "POST /tickets HTTP/1.1" 201 221 "-" "PostmanRuntime/7.43.0"
2024-12-28T15:43:17.697Z [INFO]: ::1 - - [28/Dec/2024:15:43:17 +0000] "GET /customers/4 HTTP/1.1" 200 186 "-" "axios/1.7.9"
2024-12-28T15:43:17.725Z [INFO]: ::1 - - [28/Dec/2024:15:43:17 +0000] "POST /tickets HTTP/1.1" 201 204 "-" "PostmanRuntime/7.43.0"
2024-12-28T15:44:01.360Z [INFO]: ::1 - - [28/Dec/2024:15:44:01 +0000] "PUT /tickets/2 HTTP/1.1" 200 211 "-" "PostmanRuntime/7.43.0"
2024-12-28T15:45:28.516Z [INFO]: ::1 - - [28/Dec/2024:15:45:28 +0000] "DELETE /tickets/2 HTTP/1.1" 200 28 "-" "PostmanRuntime/7.43.0"
2024-12-28T16:09:44.121Z [INFO]: CRM service running on port 3001
2024-12-28T16:09:44.189Z [INFO]: Database connected and synced successfully
2024-12-28T16:10:03.920Z [INFO]: CRM service running on port 3001
2024-12-28T16:10:03.984Z [INFO]: Database connected and synced successfully
2024-12-28T16:10:12.656Z [INFO]: Inventory service running on port 3002
2024-12-28T16:10:12.725Z [INFO]: Database connected and synced successfully
2024-12-28T16:10:21.811Z [INFO]: Customer Support service running on port 3003
2024-12-28T16:10:21.880Z [INFO]: Database connected and synced successfully
2024-12-28T16:13:24.185Z [INFO]: ::1 - - [28/Dec/2024:16:13:24 +0000] "POST /orders HTTP/1.1" 404 146 "-" "PostmanRuntime/7.43.0"
2024-12-28T16:32:43.640Z [INFO]: Inventory service running on port 3002
2024-12-28T16:32:43.743Z [INFO]: Database connected and synced successfully
2024-12-28T16:33:51.292Z [INFO]: ::1 - - [28/Dec/2024:16:33:51 +0000] "GET /customers/3 HTTP/1.1" 200 213 "-" "axios/1.7.9"
2024-12-28T16:33:51.331Z [INFO]: ::1 - - [28/Dec/2024:16:33:51 +0000] "POST /orders HTTP/1.1" 404 31 "-" "PostmanRuntime/7.43.0"
2024-12-28T16:33:59.988Z [INFO]: ::1 - - [28/Dec/2024:16:33:59 +0000] "GET /products HTTP/1.1" 401 38 "-" "PostmanRuntime/7.43.0"
2024-12-28T16:34:07.386Z [INFO]: ::1 - - [28/Dec/2024:16:34:07 +0000] "POST /auth/login HTTP/1.1" 200 169 "-" "PostmanRuntime/7.43.0"
2024-12-28T16:34:22.320Z [INFO]: ::1 - - [28/Dec/2024:16:34:22 +0000] "GET /products HTTP/1.1" 200 512 "-" "PostmanRuntime/7.43.0"
2024-12-28T16:34:42.258Z [INFO]: ::1 - - [28/Dec/2024:16:34:42 +0000] "GET /customers/3 HTTP/1.1" 200 213 "-" "axios/1.7.9"
2024-12-28T16:34:42.282Z [INFO]: ::1 - - [28/Dec/2024:16:34:42 +0000] "POST /orders HTTP/1.1" 500 26 "-" "PostmanRuntime/7.43.0"
2024-12-28T16:55:55.843Z [INFO]: Inventory service running on port 3002
2024-12-28T16:55:55.927Z [INFO]: Database connected and synced successfully
2024-12-28T16:56:37.280Z [INFO]: CRM service running on port 3001
2024-12-28T16:56:37.362Z [INFO]: Database connected and synced successfully
2024-12-28T16:56:49.510Z [INFO]: Inventory service running on port 3002
2024-12-28T16:56:49.592Z [INFO]: Database connected and synced successfully
2024-12-28T16:56:58.304Z [INFO]: Customer Support service running on port 3003
2024-12-28T16:56:58.382Z [INFO]: Database connected and synced successfully
2024-12-28T16:57:09.597Z [INFO]: ::1 - - [28/Dec/2024:16:57:09 +0000] "GET /customers/3 HTTP/1.1" 200 213 "-" "axios/1.7.9"
2024-12-28T16:57:09.652Z [INFO]: ::1 - - [28/Dec/2024:16:57:09 +0000] "POST /orders HTTP/1.1" 201 221 "-" "PostmanRuntime/7.43.0"
2024-12-28T16:59:59.704Z [INFO]: ::1 - - [28/Dec/2024:16:59:59 +0000] "POST /tickets HTTP/1.1" 401 38 "-" "PostmanRuntime/7.43.0"
2024-12-28T17:00:07.708Z [INFO]: ::1 - - [28/Dec/2024:17:00:07 +0000] "GET /customers/4 HTTP/1.1" 200 186 "-" "axios/1.7.9"
2024-12-28T17:00:07.711Z [INFO]: ::1 - - [28/Dec/2024:17:00:07 +0000] "POST /tickets HTTP/1.1" 500 41 "-" "PostmanRuntime/7.43.0"
2024-12-28T17:02:27.577Z [INFO]: Customer Support service running on port 3003
2024-12-28T17:02:27.663Z [INFO]: Database connected and synced successfully
2024-12-28T17:02:31.985Z [INFO]: ::1 - - [28/Dec/2024:17:02:31 +0000] "GET /customers/4 HTTP/1.1" 200 186 "-" "axios/1.7.9"
2024-12-28T17:02:32.017Z [INFO]: ::1 - - [28/Dec/2024:17:02:32 +0000] "GET /orders/1 HTTP/1.1" 200 221 "-" "axios/1.7.9"
2024-12-28T17:02:32.029Z [INFO]: ::1 - - [28/Dec/2024:17:02:32 +0000] "POST /tickets HTTP/1.1" 500 40 "-" "PostmanRuntime/7.43.0"
2024-12-28T17:04:08.815Z [INFO]: Customer Support service running on port 3003
2024-12-28T17:04:08.900Z [INFO]: Database connected and synced successfully
2024-12-28T17:04:13.053Z [INFO]: ::1 - - [28/Dec/2024:17:04:13 +0000] "GET /customers/4 HTTP/1.1" 200 186 "-" "axios/1.7.9"
2024-12-28T17:04:13.081Z [INFO]: ::1 - - [28/Dec/2024:17:04:13 +0000] "GET /orders/1 HTTP/1.1" 200 221 "-" "axios/1.7.9"
2024-12-28T17:04:13.100Z [INFO]: ::1 - - [28/Dec/2024:17:04:13 +0000] "POST /tickets HTTP/1.1" 500 54 "-" "PostmanRuntime/7.43.0"
2024-12-28T17:06:26.925Z [INFO]: ::1 - - [28/Dec/2024:17:06:26 +0000] "GET /customers/4 HTTP/1.1" 200 186 "-" "axios/1.7.9"
2024-12-28T17:06:26.946Z [INFO]: ::1 - - [28/Dec/2024:17:06:26 +0000] "GET /orders/1 HTTP/1.1" 200 221 "-" "axios/1.7.9"
2024-12-28T17:06:26.988Z [INFO]: ::1 - - [28/Dec/2024:17:06:26 +0000] "POST /tickets HTTP/1.1" 201 457 "-" "PostmanRuntime/7.43.0"
